{
  "RSpec": {
    "coverage": {
      "/Users/timmyhuang/Desktop/Rant-Overflow/config/environment.rb": [
        null,
        1,
        null,
        null,
        1
      ],
      "/Users/timmyhuang/Desktop/Rant-Overflow/config/application.rb": [
        1,
        null,
        null,
        1,
        1,
        1,
        1,
        1,
        1,
        null,
        null,
        null,
        null,
        1,
        null,
        1,
        1,
        null,
        null,
        null,
        null,
        null,
        null,
        null,
        null,
        null,
        null,
        null,
        null,
        null
      ],
      "/Users/timmyhuang/Desktop/Rant-Overflow/config/boot.rb": [
        null,
        1,
        null,
        1
      ],
      "/Users/timmyhuang/Desktop/Rant-Overflow/config/environments/test.rb": [
        1,
        null,
        null,
        null,
        null,
        null,
        null,
        1,
        null,
        null,
        null,
        null,
        1,
        null,
        null,
        1,
        1,
        null,
        null,
        1,
        1,
        null,
        null,
        1,
        null,
        null,
        1,
        null,
        null,
        null,
        null,
        1,
        null,
        null,
        1,
        null,
        null,
        null,
        null
      ],
      "/Users/timmyhuang/Desktop/Rant-Overflow/config/initializers/backtrace_silencers.rb": [
        null,
        null,
        null,
        null,
        null,
        null,
        null
      ],
      "/Users/timmyhuang/Desktop/Rant-Overflow/config/initializers/cookies_serializer.rb": [
        null,
        null,
        1
      ],
      "/Users/timmyhuang/Desktop/Rant-Overflow/config/initializers/filter_parameter_logging.rb": [
        null,
        null,
        null,
        1
      ],
      "/Users/timmyhuang/Desktop/Rant-Overflow/config/initializers/inflections.rb": [
        null,
        null,
        null,
        null,
        null,
        null,
        null,
        null,
        null,
        null,
        null,
        null,
        null,
        null,
        null,
        null
      ],
      "/Users/timmyhuang/Desktop/Rant-Overflow/config/initializers/mime_types.rb": [
        null,
        null,
        null,
        null
      ],
      "/Users/timmyhuang/Desktop/Rant-Overflow/config/initializers/session_store.rb": [
        null,
        null,
        1
      ],
      "/Users/timmyhuang/Desktop/Rant-Overflow/config/initializers/wrap_parameters.rb": [
        null,
        null,
        null,
        null,
        null,
        null,
        1,
        1,
        null,
        null,
        null,
        null,
        null,
        null
      ],
      "/Users/timmyhuang/Desktop/Rant-Overflow/spec/factories/rants.rb": [
        1,
        1,
        1,
        1,
        null,
        null
      ],
      "/Users/timmyhuang/Desktop/Rant-Overflow/spec/factories/responses.rb": [
        1,
        1,
        1,
        null,
        null
      ],
      "/Users/timmyhuang/Desktop/Rant-Overflow/spec/factories/users.rb": [
        1,
        1,
        1,
        1,
        null,
        null
      ],
      "/Users/timmyhuang/Desktop/Rant-Overflow/config/routes.rb": [
        1,
        1,
        1,
        1,
        1,
        null,
        null,
        null,
        null,
        1,
        1,
        1,
        1,
        1,
        null,
        null,
        null,
        null,
        null,
        null,
        null,
        1,
        1,
        null,
        null,
        null,
        null,
        null,
        null,
        null,
        1,
        1,
        null,
        null,
        null,
        null
      ],
      "/Users/timmyhuang/Desktop/Rant-Overflow/app/helpers/application_helper.rb": [
        1,
        1,
        0,
        null,
        0,
        null,
        null
      ],
      "/Users/timmyhuang/Desktop/Rant-Overflow/app/helpers/rant_helper.rb": [
        1,
        null
      ],
      "/Users/timmyhuang/Desktop/Rant-Overflow/app/helpers/rants_helper.rb": [
        1,
        null
      ],
      "/Users/timmyhuang/Desktop/Rant-Overflow/app/helpers/response_helper.rb": [
        1,
        null
      ],
      "/Users/timmyhuang/Desktop/Rant-Overflow/app/helpers/session_helper.rb": [
        1,
        null,
        1,
        0,
        0,
        null,
        null,
        1,
        0,
        null,
        null,
        1,
        0,
        null,
        null,
        1,
        0,
        null,
        null,
        1,
        0,
        0,
        null,
        null,
        1,
        0,
        0,
        0,
        null,
        null,
        null
      ],
      "/Users/timmyhuang/Desktop/Rant-Overflow/app/helpers/user_helper.rb": [
        1,
        null,
        null
      ],
      "/Users/timmyhuang/Desktop/Rant-Overflow/db/schema.rb": [
        null,
        null,
        null,
        null,
        null,
        null,
        null,
        null,
        null,
        null,
        null,
        null,
        null,
        1,
        null,
        null,
        1,
        null,
        1,
        1,
        1,
        1,
        1,
        1,
        1,
        1,
        null,
        null,
        1,
        1,
        1,
        1,
        1,
        1,
        1,
        null,
        null,
        1,
        1,
        1,
        1,
        1,
        null,
        null,
        null
      ],
      "/Users/timmyhuang/Desktop/Rant-Overflow/spec/support/capybara_helpers.rb": [
        1,
        1,
        0,
        0,
        null,
        null,
        null,
        1,
        0,
        0,
        0,
        0,
        null,
        null,
        null,
        null,
        null,
        1
      ]
    },
    "timestamp": 1400450572
  },
  "Cucumber Features": {
    "coverage": {
      "/Users/timmyhuang/Desktop/Rant-Overflow/config/environment.rb": [
        null,
        1,
        null,
        null,
        1
      ],
      "/Users/timmyhuang/Desktop/Rant-Overflow/config/application.rb": [
        1,
        null,
        null,
        1,
        1,
        1,
        1,
        1,
        1,
        null,
        null,
        null,
        null,
        1,
        null,
        1,
        1,
        null,
        null,
        null,
        null,
        null,
        null,
        null,
        null,
        null,
        null,
        null,
        null,
        null
      ],
      "/Users/timmyhuang/Desktop/Rant-Overflow/config/boot.rb": [
        null,
        1,
        null,
        1
      ],
      "/Users/timmyhuang/Desktop/Rant-Overflow/config/environments/test.rb": [
        1,
        null,
        null,
        null,
        null,
        null,
        null,
        1,
        null,
        null,
        null,
        null,
        1,
        null,
        null,
        1,
        1,
        null,
        null,
        1,
        1,
        null,
        null,
        1,
        null,
        null,
        1,
        null,
        null,
        null,
        null,
        1,
        null,
        null,
        1,
        null,
        null,
        null,
        null
      ],
      "/Users/timmyhuang/Desktop/Rant-Overflow/config/initializers/backtrace_silencers.rb": [
        null,
        null,
        null,
        null,
        null,
        null,
        null
      ],
      "/Users/timmyhuang/Desktop/Rant-Overflow/config/initializers/cookies_serializer.rb": [
        null,
        null,
        1
      ],
      "/Users/timmyhuang/Desktop/Rant-Overflow/config/initializers/filter_parameter_logging.rb": [
        null,
        null,
        null,
        1
      ],
      "/Users/timmyhuang/Desktop/Rant-Overflow/config/initializers/inflections.rb": [
        null,
        null,
        null,
        null,
        null,
        null,
        null,
        null,
        null,
        null,
        null,
        null,
        null,
        null,
        null,
        null
      ],
      "/Users/timmyhuang/Desktop/Rant-Overflow/config/initializers/mime_types.rb": [
        null,
        null,
        null,
        null
      ],
      "/Users/timmyhuang/Desktop/Rant-Overflow/config/initializers/session_store.rb": [
        null,
        null,
        1
      ],
      "/Users/timmyhuang/Desktop/Rant-Overflow/config/initializers/wrap_parameters.rb": [
        null,
        null,
        null,
        null,
        null,
        null,
        1,
        1,
        null,
        null,
        null,
        null,
        null,
        null
      ],
      "/Users/timmyhuang/Desktop/Rant-Overflow/spec/factories/rants.rb": [
        1,
        1,
        1,
        1,
        null,
        null
      ],
      "/Users/timmyhuang/Desktop/Rant-Overflow/spec/factories/responses.rb": [
        1,
        1,
        1,
        null,
        null
      ],
      "/Users/timmyhuang/Desktop/Rant-Overflow/spec/factories/users.rb": [
        1,
        1,
        1,
        1,
        null,
        null
      ],
      "/Users/timmyhuang/Desktop/Rant-Overflow/config/routes.rb": [
        1,
        1,
        1,
        1,
        1,
        null,
        null,
        null,
        null,
        1,
        1,
        1,
        1,
        1,
        null,
        null,
        null,
        null,
        null,
        null,
        null,
        1,
        1,
        null,
        null,
        null,
        null,
        null,
        null,
        null,
        1,
        1,
        null,
        null,
        null,
        null
      ],
      "/Users/timmyhuang/Desktop/Rant-Overflow/app/helpers/application_helper.rb": [
        1,
        1,
        0,
        null,
        0,
        null,
        null
      ],
      "/Users/timmyhuang/Desktop/Rant-Overflow/app/helpers/rant_helper.rb": [
        1,
        null
      ],
      "/Users/timmyhuang/Desktop/Rant-Overflow/app/helpers/rants_helper.rb": [
        1,
        null
      ],
      "/Users/timmyhuang/Desktop/Rant-Overflow/app/helpers/response_helper.rb": [
        1,
        null
      ],
      "/Users/timmyhuang/Desktop/Rant-Overflow/app/helpers/session_helper.rb": [
        1,
        null,
        1,
        0,
        0,
        null,
        null,
        1,
        0,
        null,
        null,
        1,
        0,
        null,
        null,
        1,
        7,
        null,
        null,
        1,
        0,
        0,
        null,
        null,
        1,
        0,
        0,
        0,
        null,
        null,
        null
      ],
      "/Users/timmyhuang/Desktop/Rant-Overflow/app/helpers/user_helper.rb": [
        1,
        null,
        null
      ],
      "/Users/timmyhuang/Desktop/Rant-Overflow/spec/support/capybara_helpers.rb": [
        1,
        1,
        0,
        0,
        null,
        null,
        null,
        1,
        0,
        0,
        0,
        0,
        null,
        null,
        null,
        null,
        null,
        1
      ],
      "/Users/timmyhuang/Desktop/Rant-Overflow/app/models/response.rb": [
        1,
        1,
        1,
        1,
        null
      ],
      "/Users/timmyhuang/Desktop/Rant-Overflow/app/models/rant.rb": [
        1,
        1,
        1,
        1,
        1,
        null
      ],
      "/Users/timmyhuang/Desktop/Rant-Overflow/app/controllers/rants_controller.rb": [
        1,
        null,
        1,
        0,
        null,
        null,
        1,
        7,
        7,
        7,
        null,
        null,
        1,
        0,
        null,
        null,
        1,
        0,
        0,
        0,
        null,
        0,
        0,
        0,
        null,
        0,
        0,
        null,
        null,
        null,
        1,
        0,
        0,
        0,
        null,
        null,
        null,
        1,
        0,
        0,
        null,
        0,
        0,
        null,
        null,
        1,
        0,
        0,
        null,
        0,
        0,
        0,
        0,
        null,
        null,
        null,
        null,
        1,
        0,
        0,
        null,
        0,
        0,
        0,
        0,
        null,
        null,
        null,
        null,
        1,
        0,
        0,
        null,
        null,
        1,
        1,
        0,
        null,
        null,
        null
      ],
      "/Users/timmyhuang/Desktop/Rant-Overflow/app/controllers/application_controller.rb": [
        1,
        null,
        null,
        1,
        1,
        null
      ],
      "/Users/timmyhuang/Desktop/Rant-Overflow/app/models/user.rb": [
        1,
        1,
        null,
        null,
        null,
        1,
        1,
        1,
        null,
        null,
        1,
        0,
        0,
        null,
        0,
        0,
        null,
        null,
        null,
        null,
        null
      ],
      "/Users/timmyhuang/Desktop/Rant-Overflow/app/controllers/responses_controller.rb": [
        1,
        1,
        null,
        1,
        0,
        0,
        0,
        null,
        0,
        null,
        null,
        null,
        1,
        1,
        null,
        null,
        1,
        1,
        1,
        null,
        null,
        null,
        1,
        1,
        1,
        1,
        null,
        null,
        1,
        0,
        0,
        0,
        null,
        null,
        1,
        1,
        1,
        null,
        null,
        1,
        5,
        null,
        null,
        1,
        5,
        null,
        null
      ]
    },
    "timestamp": 1400451214
  }
}
