{
  "RSpec": {
    "coverage": {
      "/Users/apprentice/phil-shaun-friday/Rant_Overflow/Rant-Overflow/config/environment.rb": [
        null,
        1,
        null,
        null,
        0
      ],
      "/Users/apprentice/phil-shaun-friday/Rant_Overflow/Rant-Overflow/config/application.rb": [
        1,
        null,
        null,
        0,
        0,
        0,
        0,
        0,
        0,
        null,
        null,
        null,
        null,
        0,
        null,
        0,
        0,
        null,
        null,
        null,
        null,
        null,
        null,
        null,
        null,
        null,
        null,
        null,
        null,
        null
      ],
      "/Users/apprentice/phil-shaun-friday/Rant_Overflow/Rant-Overflow/config/boot.rb": [
        null,
        1,
        null,
        1
      ]
    },
    "timestamp": 1400267091
  },
  "Cucumber Features": {
    "coverage": {
      "/Users/apprentice/phil-shaun-friday/Rant_Overflow/Rant-Overflow/config/environment.rb": [
        null,
        1,
        null,
        null,
        1
      ],
      "/Users/apprentice/phil-shaun-friday/Rant_Overflow/Rant-Overflow/config/application.rb": [
        1,
        null,
        null,
        1,
        1,
        1,
        1,
        1,
        1,
        null,
        null,
        null,
        null,
        1,
        null,
        1,
        1,
        null,
        null,
        null,
        null,
        null,
        null,
        null,
        null,
        null,
        null,
        null,
        null,
        null
      ],
      "/Users/apprentice/phil-shaun-friday/Rant_Overflow/Rant-Overflow/config/boot.rb": [
        null,
        1,
        null,
        1
      ],
      "/Users/apprentice/phil-shaun-friday/Rant_Overflow/Rant-Overflow/config/environments/test.rb": [
        1,
        null,
        null,
        null,
        null,
        null,
        null,
        1,
        null,
        null,
        null,
        null,
        1,
        null,
        null,
        1,
        1,
        null,
        null,
        1,
        1,
        null,
        null,
        1,
        null,
        null,
        1,
        null,
        null,
        null,
        null,
        1,
        null,
        null,
        1,
        null,
        null,
        null,
        null
      ],
      "/Users/apprentice/phil-shaun-friday/Rant_Overflow/Rant-Overflow/config/initializers/backtrace_silencers.rb": [
        null,
        null,
        null,
        null,
        null,
        null,
        null
      ],
      "/Users/apprentice/phil-shaun-friday/Rant_Overflow/Rant-Overflow/config/initializers/cookies_serializer.rb": [
        null,
        null,
        1
      ],
      "/Users/apprentice/phil-shaun-friday/Rant_Overflow/Rant-Overflow/config/initializers/filter_parameter_logging.rb": [
        null,
        null,
        null,
        1
      ],
      "/Users/apprentice/phil-shaun-friday/Rant_Overflow/Rant-Overflow/config/initializers/inflections.rb": [
        null,
        null,
        null,
        null,
        null,
        null,
        null,
        null,
        null,
        null,
        null,
        null,
        null,
        null,
        null,
        null
      ],
      "/Users/apprentice/phil-shaun-friday/Rant_Overflow/Rant-Overflow/config/initializers/mime_types.rb": [
        null,
        null,
        null,
        null
      ],
      "/Users/apprentice/phil-shaun-friday/Rant_Overflow/Rant-Overflow/config/initializers/session_store.rb": [
        null,
        null,
        1
      ],
      "/Users/apprentice/phil-shaun-friday/Rant_Overflow/Rant-Overflow/config/initializers/wrap_parameters.rb": [
        null,
        null,
        null,
        null,
        null,
        null,
        1,
        1,
        null,
        null,
        null,
        null,
        null,
        null
      ],
      "/Users/apprentice/phil-shaun-friday/Rant_Overflow/Rant-Overflow/config/routes.rb": [
        1,
        1,
        1,
        1,
        1,
        null,
        null,
        null,
        null,
        1,
        1,
        1,
        1,
        1,
        null,
        null,
        null,
        null,
        null,
        null,
        null,
        null,
        null,
        null,
        null,
        null,
        null,
        null,
        null,
        null
      ],
      "/Users/apprentice/phil-shaun-friday/Rant_Overflow/Rant-Overflow/app/helpers/application_helper.rb": [
        1,
        1,
        0,
        null,
        0,
        null,
        null
      ],
      "/Users/apprentice/phil-shaun-friday/Rant_Overflow/Rant-Overflow/app/helpers/rant_helper.rb": [
        1,
        null
      ],
      "/Users/apprentice/phil-shaun-friday/Rant_Overflow/Rant-Overflow/app/helpers/rants_helper.rb": [
        1,
        null
      ],
      "/Users/apprentice/phil-shaun-friday/Rant_Overflow/Rant-Overflow/app/helpers/response_helper.rb": [
        1,
        null
      ],
      "/Users/apprentice/phil-shaun-friday/Rant_Overflow/Rant-Overflow/app/helpers/session_helper.rb": [
        1,
        null,
        1,
        0,
        0,
        null,
        null,
        1,
        0,
        null,
        null,
        1,
        0,
        null,
        null,
        1,
        7,
        null,
        null,
        1,
        0,
        0,
        null,
        null,
        1,
        0,
        0,
        0,
        null,
        null,
        null
      ],
      "/Users/apprentice/phil-shaun-friday/Rant_Overflow/Rant-Overflow/app/helpers/user_helper.rb": [
        1,
        null,
        null
      ],
      "/Users/apprentice/phil-shaun-friday/Rant_Overflow/Rant-Overflow/spec/support/capybara_helpers.rb": [
        1,
        1,
        0,
        0,
        null,
        null,
        null,
        null,
        null,
        1
      ],
      "/Users/apprentice/phil-shaun-friday/Rant_Overflow/Rant-Overflow/app/controllers/rants_controller.rb": [
        1,
        null,
        1,
        1,
        null,
        null,
        1,
        1,
        1,
        1,
        null,
        null,
        1,
        2,
        null,
        null,
        1,
        2,
        2,
        0,
        null,
        2,
        1,
        null,
        1,
        1,
        null,
        null,
        null,
        1,
        0,
        0,
        0,
        null,
        null,
        null,
        1,
        0,
        0,
        null,
        0,
        0,
        null,
        null,
        1,
        0,
        0,
        null,
        null,
        1,
        1,
        2,
        null,
        null,
        null
      ],
      "/Users/apprentice/phil-shaun-friday/Rant_Overflow/Rant-Overflow/app/controllers/application_controller.rb": [
        1,
        null,
        null,
        1,
        1,
        null
      ],
      "/Users/apprentice/phil-shaun-friday/Rant_Overflow/Rant-Overflow/app/models/rant.rb": [
        1,
        1,
        1,
        1,
        1,
        null
      ],
      "/Users/apprentice/phil-shaun-friday/Rant_Overflow/Rant-Overflow/app/models/user.rb": [
        1,
        1,
        null,
        null,
        null,
        1,
        1,
        1,
        null,
        null,
        1,
        0,
        0,
        null,
        0,
        0,
        null,
        null,
        null,
        null,
        null
      ],
      "/Users/apprentice/phil-shaun-friday/Rant_Overflow/Rant-Overflow/app/models/response.rb": [
        1,
        1,
        1,
        1,
        null
      ]
    },
    "timestamp": 1400276695
  }
}
